app/build/outputs/mapping/release/seeds.txt
diego.bezerra.com.touchcall.Common$ProviderClass: diego.bezerra.com.touchcall.Common$ProviderClass[] values()
diego.bezerra.com.touchcall.Common$ProviderClass: diego.bezerra.com.touchcall.Common$ProviderClass valueOf(java.lang.String)
diego.bezerra.com.touchcall.LaunchActivity
diego.bezerra.com.touchcall.LaunchActivity: LaunchActivity()
diego.bezerra.com.touchcall.R$anim: int abc_fade_in
diego.bezerra.com.touchcall.R$anim: int abc_fade_out
diego.bezerra.com.touchcall.R$anim: int abc_grow_fade_in_from_bottom
diego.bezerra.com.touchcall.R$anim: int abc_shrink_fade_out_from_bottom
diego.bezerra.com.touchcall.R$anim: int abc_slide_in_bottom
diego.bezerra.com.touchcall.R$anim: int abc_slide_in_top
diego.bezerra.com.touchcall.R$anim: int abc_slide_out_bottom
diego.bezerra.com.touchcall.R$anim: int abc_slide_out_top
diego.bezerra.com.touchcall.R$attr: int actionBarDivider
diego.bezerra.com.touchcall.R$attr: int actionBarItemBackground
diego.bezerra.com.touchcall.R$attr: int actionBarPopupTheme
diego.bezerra.com.touchcall.R$attr: int actionBarSize
diego.bezerra.com.touchcall.R$attr: int actionBarSplitStyle
diego.bezerra.com.touchcall.R$attr: int actionBarStyle
diego.bezerra.com.touchcall.R$attr: int actionBarTabBarStyle
diego.bezerra.com.touchcall.R$attr: int actionBarTabStyle
diego.bezerra.com.touchcall.R$attr: int actionBarTabTextStyle
diego.bezerra.com.touchcall.R$attr: int actionBarTheme
diego.bezerra.com.touchcall.R$attr: int actionBarWidgetTheme
diego.bezerra.com.touchcall.R$attr: int actionButtonStyle
diego.bezerra.com.touchcall.R$attr: int actionDropDownStyle
diego.bezerra.com.touchcall.R$attr: int actionLayout
diego.bezerra.com.touchcall.R$attr: int actionMenuTextAppearance
diego.bezerra.com.touchcall.R$attr: int actionMenuTextColor
diego.bezerra.com.touchcall.R$attr: int actionModeBackground
diego.bezerra.com.touchcall.R$attr: int actionModeCloseButtonStyle
diego.bezerra.com.touchcall.R$attr: int actionModeCloseDrawable
diego.bezerra.com.touchcall.R$attr: int actionModeCopyDrawable
diego.bezerra.com.touchcall.R$attr: int actionModeCutDrawable
diego.bezerra.com.touchcall.R$attr: int actionModeFindDrawable
diego.bezerra.com.touchcall.R$attr: int actionModePasteDrawable
diego.bezerra.com.touchcall.R$attr: int actionModePopupWindowStyle
diego.bezerra.com.touchcall.R$bool: int abc_action_bar_embed_tabs
diego.bezerra.com.touchcall.R$bool: int abc_action_bar_embed_tabs_pre_jb
diego.bezerra.com.touchcall.R$bool: int abc_action_bar_expanded_action_views_exclusive
diego.bezerra.com.touchcall.R$bool: int abc_config_actionMenuItemAllCaps
diego.bezerra.com.touchcall.R$bool: int abc_config_allowActionMenuItemTextWithIcon
diego.bezerra.com.touchcall.R$bool: int abc_config_showMenuShortcutsWhenKeyboardPresent
...
com.google.android.gms.games.multiplayer.ParticipantResult
com.google.android.gms.games.multiplayer.ParticipantResult: com.google.android.gms.games.multiplayer.ParticipantResultCreator CREATOR
com.google.android.gms.games.multiplayer.realtime.RealTimeMessage
com.google.android.gms.games.multiplayer.realtime.RealTimeMessage: android.os.Parcelable$Creator CREATOR
com.google.android.gms.games.multiplayer.realtime.Room
com.google.android.gms.games.multiplayer.realtime.RoomEntity
com.google.android.gms.games.multiplayer.realtime.RoomEntity: android.os.Parcelable$Creator CREATOR
com.google.android.gms.games.multiplayer.realtime.RoomRef
com.google.android.gms.games.multiplayer.turnbased.TurnBasedMatch
com.google.android.gms.games.multiplayer.turnbased.TurnBasedMatchEntity
com.google.android.gms.games.multiplayer.turnbased.TurnBasedMatchEntity: com.google.android.gms.games.multiplayer.turnbased.TurnBasedMatchEntityCreator CREATOR
com.google.android.gms.games.multiplayer.turnbased.TurnBasedMatchRef
com.google.android.gms.games.quest.Milestone
com.google.android.gms.games.quest.MilestoneEntity
com.google.android.gms.games.quest.MilestoneEntity: com.google.android.gms.games.quest.MilestoneEntityCreator CREATOR
com.google.android.gms.games.quest.MilestoneRef
com.google.android.gms.games.quest.Quest
com.google.android.gms.games.quest.QuestEntity
com.google.android.gms.games.quest.QuestEntity: com.google.android.gms.games.quest.QuestEntityCreator CREATOR
com.google.android.gms.games.quest.QuestRef
com.google.android.gms.games.request.GameRequest
com.google.android.gms.games.request.GameRequestEntity
com.google.android.gms.games.request.GameRequestEntity: com.google.android.gms.games.request.GameRequestEntityCreator CREATOR
com.google.android.gms.games.request.GameRequestRef
com.google.android.gms.games.snapshot.Snapshot
com.google.android.gms.games.snapshot.SnapshotContents
com.google.android.gms.games.snapshot.SnapshotContentsEntity
com.google.android.gms.games.snapshot.SnapshotContentsEntity: com.google.android.gms.games.snapshot.SnapshotContentsEntityCreator CREATOR
com.google.android.gms.games.snapshot.SnapshotEntity
com.google.android.gms.games.snapshot.SnapshotEntity: com.google.android.gms.games.snapshot.SnapshotEntityCreator CREATOR
com.google.android.gms.games.snapshot.SnapshotMetadata
com.google.android.gms.games.snapshot.SnapshotMetadataChangeEntity
com.google.android.gms.games.snapshot.SnapshotMetadataChangeEntity: com.google.android.gms.games.snapshot.SnapshotMetadataChangeCreator CREATOR
com.google.android.gms.games.snapshot.SnapshotMetadataEntity
com.google.android.gms.games.snapshot.SnapshotMetadataEntity: com.google.android.gms.games.snapshot.SnapshotMetadataEntityCreator CREATOR
com.google.android.gms.games.snapshot.SnapshotMetadataRef
com.google.android.gms.identity.intents.UserAddressRequest
com.google.android.gms.identity.intents.UserAddressRequest: android.os.Parcelable$Creator CREATOR
com.google.android.gms.identity.intents.model.CountrySpecification
com.google.android.gms.identity.intents.model.CountrySpecification: android.os.Parcelable$Creator CREATOR
com.google.android.gms.identity.intents.model.UserAddress
com.google.android.gms.identity.intents.model.UserAddress: android.os.Parcelable$Creator CREATOR
com.google.android.gms.internal.a: com.google.android.gms.internal.a[] values()
com.google.android.gms.internal.a: com.google.android.gms.internal.a valueOf(java.lang.String)
com.google.android.gms.internal.av
com.google.android.gms.internal.av: com.google.android.gms.internal.aw CREATOR
com.google.android.gms.internal.ay
com.google.android.gms.internal.ay: com.google.android.gms.internal.az CREATOR
com.google.android.gms.internal.b: com.google.android.gms.internal.b[] values()
com.google.android.gms.internal.b: com.google.android.gms.internal.b valueOf(java.lang.String)
com.google.android.gms.internal.bj
com.google.android.gms.internal.bj: com.google.android.gms.internal.bk CREATOR