app/build/outputs/mapping/release/mapping.txt
diego.bezerra.com.touchcall.BitmapUtil -> diego.bezerra.com.touchcall.a:
    android.graphics.Bitmap decodeSampledBitmapFromStream(android.content.Context,android.net.Uri,int,int) -> a
    int calculateInSampleSize(android.graphics.BitmapFactory$Options,int,int) -> a
    android.graphics.Bitmap getUserBitmap(diego.bezerra.com.touchcall.Contact,android.content.Context) -> a
diego.bezerra.com.touchcall.Common -> diego.bezerra.com.touchcall.b:
    java.lang.String[] PROJECTION -> a
    java.lang.String SELECTION -> b
    java.lang.String[] SELECTION_ARGS -> c
    android.widget.Toast toast -> d
    diego.bezerra.com.touchcall.Common$ProviderClass createProviderClassFromName(java.lang.String) -> a
    java.lang.String getStringRowIds(android.content.Context,int) -> a
    java.lang.String getContactJson(android.content.Context,int) -> b
    android.app.PendingIntent createBroadcastPendingIntent(android.content.Context,java.lang.String,int,java.lang.Class) -> a
    void createContactsLayout(java.util.List,android.widget.RemoteViews,android.content.Context) -> a
    android.widget.RemoteViews createButtonRemoteView(diego.bezerra.com.touchcall.Contact,android.content.Context) -> a
    void setClickPendingIntent(android.widget.RemoteViews,android.content.Intent,android.content.Context,int) -> a
    diego.bezerra.com.touchcall.Contact createContactFromCursorData(android.database.Cursor,android.content.Context,java.util.List) -> a
    void setLabelIfHas(diego.bezerra.com.touchcall.Contact,java.util.List) -> a
    java.util.List getContactsJsonList(android.content.Context,int) -> c
    long getContactRowId(android.content.Context,long,java.lang.String) -> a
    void showToast(java.lang.String,android.content.Context) -> a
diego.bezerra.com.touchcall.Common$1 -> diego.bezerra.com.touchcall.c:
diego.bezerra.com.touchcall.Common$ProviderClass -> diego.bezerra.com.touchcall.d:
    diego.bezerra.com.touchcall.Common$ProviderClass BIGGER -> a
    diego.bezerra.com.touchcall.Common$ProviderClass BIG -> b
    diego.bezerra.com.touchcall.Common$ProviderClass MEDIUM -> c
    diego.bezerra.com.touchcall.Common$ProviderClass SMALL -> d
    diego.bezerra.com.touchcall.Common$ProviderClass SMALLER -> e
    diego.bezerra.com.touchcall.Common$ProviderClass DEFAULT -> f
    java.lang.String className -> g
    int widgetSize -> h
    java.lang.String startName -> i
    java.lang.Class classObj -> j
    diego.bezerra.com.touchcall.Common$ProviderClass[] $VALUES -> k
    diego.bezerra.com.touchcall.Common$ProviderClass[] values() -> values
    diego.bezerra.com.touchcall.Common$ProviderClass valueOf(java.lang.String) -> valueOf
    java.lang.String getClassName() -> a
    int getWidgetSize() -> b
    java.lang.Class getClassObj() -> c
    java.lang.String toString() -> toString
diego.bezerra.com.touchcall.Contact -> diego.bezerra.com.touchcall.e:
    int id -> a
    long rowId -> b
    java.lang.String name -> c
    java.lang.String label -> d
    java.lang.String phoneNumber -> e
    android.net.Uri photoThumbUri -> f
    android.net.Uri photoUri -> g
    boolean selected -> h
    java.text.Collator COT -> i
    int getId() -> a
    long getRowId() -> b
    java.lang.String getLabel() -> c
    void setLabel(java.lang.String) -> a
    java.lang.String getName() -> d
    java.lang.String getNameOrLabel() -> e
    java.lang.String getPhoneNumber() -> f
    android.net.Uri getPhotoThumbUri() -> g
    android.net.Uri getPhotoUri() -> h
    void setPhotoUri(android.net.Uri) -> a
    void setSelected(boolean) -> a
    boolean isSelected() -> i
    java.text.Collator getCot() -> j
    void setPhotoThumbUri(android.net.Uri) -> b
    int compareTo(diego.bezerra.com.touchcall.Contact) -> a
    boolean equals(java.lang.Object) -> equals
    int compareTo(java.lang.Object) -> compareTo
diego.bezerra.com.touchcall.HasAlreadyTouchCallTypeException -> diego.bezerra.com.touchcall.f:
...
com.google.android.gms.internal.dd -> com.google.android.gms.internal.ep:
    com.google.android.gms.internal.da qW -> a
    void onAdClicked(com.google.android.gms.ads.mediation.MediationBannerAdapter) -> e
    void onAdClosed(com.google.android.gms.ads.mediation.MediationBannerAdapter) -> c
    void onAdFailedToLoad(com.google.android.gms.ads.mediation.MediationBannerAdapter,int) -> a
    void onAdLeftApplication(com.google.android.gms.ads.mediation.MediationBannerAdapter) -> d
    void onAdOpened(com.google.android.gms.ads.mediation.MediationBannerAdapter) -> b
    void onAdLoaded(com.google.android.gms.ads.mediation.MediationBannerAdapter) -> a
    void onAdClosed(com.google.android.gms.ads.mediation.MediationInterstitialAdapter) -> c
    void onAdFailedToLoad(com.google.android.gms.ads.mediation.MediationInterstitialAdapter,int) -> a
    void onAdLeftApplication(com.google.android.gms.ads.mediation.MediationInterstitialAdapter) -> d
    void onAdOpened(com.google.android.gms.ads.mediation.MediationInterstitialAdapter) -> b
    void onAdLoaded(com.google.android.gms.ads.mediation.MediationInterstitialAdapter) -> a
com.google.android.gms.internal.de -> com.google.android.gms.internal.eq:
    com.google.ads.mediation.MediationAdapter qX -> a
    com.google.ads.mediation.NetworkExtras qY -> b
    com.google.android.gms.dynamic.d getView() -> a
    void a(com.google.android.gms.dynamic.d,com.google.android.gms.internal.ay,com.google.android.gms.internal.av,java.lang.String,com.google.android.gms.internal.da) -> a
    void a(com.google.android.gms.dynamic.d,com.google.android.gms.internal.ay,com.google.android.gms.internal.av,java.lang.String,java.lang.String,com.google.android.gms.internal.da) -> a
    void a(com.google.android.gms.dynamic.d,com.google.android.gms.internal.av,java.lang.String,com.google.android.gms.internal.da) -> a
    void a(com.google.android.gms.dynamic.d,com.google.android.gms.internal.av,java.lang.String,java.lang.String,com.google.android.gms.internal.da) -> a
    void showInterstitial() -> b
    void destroy() -> c
    void pause() -> d
    void resume() -> e
    com.google.ads.mediation.MediationServerParameters b(java.lang.String,int,java.lang.String) -> a
com.google.android.gms.internal.df -> com.google.android.gms.internal.er:
    com.google.android.gms.internal.da qW -> a
com.google.android.gms.internal.dg -> com.google.android.gms.internal.es:
    com.google.ads.AdSize b(com.google.android.gms.internal.ay) -> a
    com.google.ads.AdRequest$Gender l(int) -> a
    com.google.ads.mediation.MediationAdRequest d(com.google.android.gms.internal.av) -> a
com.google.android.gms.internal.dh -> com.google.android.gms.internal.et:
    com.google.android.gms.internal.gu mo -> a
    java.util.Map rd -> b
    android.content.Context mContext -> c
    java.lang.String re -> d
    long rf -> e
    long rg -> f
    java.lang.String rh -> g
    java.lang.String ri -> h
    void bQ() -> c
    java.lang.String A(java.lang.String) -> a
    void execute() -> a
    android.content.Intent createIntent() -> b
    android.content.Context a(com.google.android.gms.internal.dh) -> a
    com.google.android.gms.internal.gu b(com.google.android.gms.internal.dh) -> b
com.google.android.gms.internal.dh$1 -> com.google.android.gms.internal.eu:
    com.google.android.gms.internal.dh rj -> a
    void onClick(android.content.DialogInterface,int) -> onClick
com.google.android.gms.internal.dh$2 -> com.google.android.gms.internal.ev:
    com.google.android.gms.internal.dh rj -> a
    void onClick(android.content.DialogInterface,int) -> onClick