app/build/outputs/mapping/release/usage.txt
diego.bezerra.com.touchcall.BitmapUtil:
    17:17:public BitmapUtil()
diego.bezerra.com.touchcall.BuildConfig
diego.bezerra.com.touchcall.Common:
    public static final java.lang.String ORDER
    public static final java.lang.String PREFERENCES_KEY_ROW_IDS
    public static final java.lang.String PREFERENCES_KEY_CONTACTS_JSON
    public static final java.lang.String PREFERENCES_SEPARATOR
    public static final java.lang.String INTENT_UPDATE
    public static final java.lang.String INTENT_CONFIGURE
    public static final java.lang.String INTENT_WIDGET_PARAM_ID
    public static final java.lang.String INTENT_IS_CONFIGURATION_PARAM
    public static final java.lang.String PREFERENCES_HAS_ALREADY
    31:66:public Common()
diego.bezerra.com.touchcall.Contact:
    public static final int DEFAULT_IMAGE_USER_ID
    public static final int USER_MAX_HEIGHT_PHOTO
    public static final int USER_MAX_WIDTH_PHOTO
    53:54:public void setId(int)
    61:62:public void setRowId(long)
    85:86:public void setName(java.lang.String)
    93:94:public void setPhoneNumber(java.lang.String)
diego.bezerra.com.touchcall.LogApp:
    private static final java.lang.String LOG_TAG
    8:8:public LogApp()
diego.bezerra.com.touchcall.R
diego.bezerra.com.touchcall.R$anim
diego.bezerra.com.touchcall.R$attr
diego.bezerra.com.touchcall.R$bool
diego.bezerra.com.touchcall.R$color
diego.bezerra.com.touchcall.R$dimen
diego.bezerra.com.touchcall.R$drawable
diego.bezerra.com.touchcall.R$id
diego.bezerra.com.touchcall.R$integer
diego.bezerra.com.touchcall.R$layout
diego.bezerra.com.touchcall.R$menu
diego.bezerra.com.touchcall.R$mipmap
diego.bezerra.com.touchcall.R$raw
diego.bezerra.com.touchcall.R$string
diego.bezerra.com.touchcall.R$style
diego.bezerra.com.touchcall.R$styleable
diego.bezerra.com.touchcall.R$xml
diego.bezerra.com.touchcall.configurationActivity.ConfigurationActivity:
    182:183:public boolean onQueryTextChange(java.lang.String)
diego.bezerra.com.touchcall.configurationActivity.contactsFragment.ContactsFragment:
    201:209:public java.util.List getPreferencesContacts()
diego.bezerra.com.touchcall.configurationActivity.contactsFragment.ContactsFragment$1
diego.bezerra.com.touchcall.configurationActivity.contactsFragment.ContactsFragmentAdapter:
    128:128:public java.util.List getContacts()
diego.bezerra.com.touchcall.configurationActivity.previewFragment.PreviewFragmentAdapter$MyDragShadowBuilder
diego.bezerra.com.touchcall.configurationActivity.previewFragment.PreviewSize
...
com.google.android.gms.games.internal.events.EventIncrementCache$1
com.google.android.gms.games.internal.events.EventIncrementEntry
com.google.android.gms.games.internal.events.EventIncrementManager
com.google.android.gms.games.internal.experience.ExperienceEvent
com.google.android.gms.games.internal.experience.ExperienceEventBuffer
com.google.android.gms.games.internal.experience.ExperienceEventRef
com.google.android.gms.games.internal.game.Acls
com.google.android.gms.games.internal.game.Acls$LoadAclResult
com.google.android.gms.games.internal.game.Acls$LoadFAclResult
com.google.android.gms.games.internal.game.Acls$OnGameplayAclLoadedCallback
com.google.android.gms.games.internal.game.Acls$OnGameplayAclUpdatedCallback
com.google.android.gms.games.internal.game.Acls$OnNotifyAclLoadedCallback
com.google.android.gms.games.internal.game.Acls$OnNotifyAclUpdatedCallback
com.google.android.gms.games.internal.game.ExtendedGameBuffer
com.google.android.gms.games.internal.game.ExtendedGameEntity:
    public boolean isDataValid()
com.google.android.gms.games.internal.game.ExtendedGameRef:
    ExtendedGameRef(com.google.android.gms.common.data.DataHolder,int,int)
com.google.android.gms.games.internal.game.GameBadgeBuffer
com.google.android.gms.games.internal.game.GameBadgeEntity:
    public boolean isDataValid()
com.google.android.gms.games.internal.game.GameInstance
com.google.android.gms.games.internal.game.GameInstanceBuffer
com.google.android.gms.games.internal.game.GameInstanceRef
com.google.android.gms.games.internal.game.GameSearchSuggestion
com.google.android.gms.games.internal.game.GameSearchSuggestionBuffer
com.google.android.gms.games.internal.game.GameSearchSuggestionRef
com.google.android.gms.games.internal.multiplayer.ZInvitationCluster:
    public boolean isDataValid()
com.google.android.gms.games.internal.notification.GameNotification
com.google.android.gms.games.internal.notification.GameNotificationBuffer
com.google.android.gms.games.internal.notification.GameNotificationRef
com.google.android.gms.games.internal.player.MostRecentGameInfoEntity:
    public boolean isDataValid()
com.google.android.gms.games.internal.request.GameRequestCluster:
    public boolean isConsumed(java.lang.String)
    public boolean isDataValid()
com.google.android.gms.games.internal.request.RequestUpdateOutcomes
com.google.android.gms.games.internal.request.RequestUpdateOutcomes$1
com.google.android.gms.games.internal.request.RequestUpdateOutcomes$Builder
com.google.android.gms.games.leaderboard.Leaderboard
com.google.android.gms.games.leaderboard.LeaderboardBuffer
com.google.android.gms.games.leaderboard.LeaderboardEntity
com.google.android.gms.games.leaderboard.LeaderboardRef
com.google.android.gms.games.leaderboard.LeaderboardScore
com.google.android.gms.games.leaderboard.LeaderboardScoreBuffer
com.google.android.gms.games.leaderboard.LeaderboardScoreBufferHeader
com.google.android.gms.games.leaderboard.LeaderboardScoreBufferHeader$1
com.google.android.gms.games.leaderboard.LeaderboardScoreBufferHeader$Builder
com.google.android.gms.games.leaderboard.LeaderboardScoreEntity
com.google.android.gms.games.leaderboard.LeaderboardScoreRef
com.google.android.gms.games.leaderboard.LeaderboardVariant
com.google.android.gms.games.leaderboard.LeaderboardVariantEntity
com.google.android.gms.games.leaderboard.LeaderboardVariantRef
com.google.android.gms.games.leaderboard.Leaderboards
com.google.android.gms.games.leaderboard.Leaderboards$LeaderboardMetadataResult
com.google.android.gms.games.leaderboard.Leaderboards$LoadPlayerScoreResult
com.google.android.gms.games.leaderboard.Leaderboards$LoadScoresResult
com.google.android.gms.games.leaderboard.Leaderboards$SubmitScoreResult
com.google.android.gms.games.leaderboard.ScoreSubmissionData
com.google.android.gms.games.leaderboard.ScoreSubmissionData$Result